<?xml version="1.0" encoding="UTF-8"?>
<coverage generated="1644807288788" clover="3.2.0">
  <project timestamp="1644807288788" name="All files">
    <metrics statements="42" coveredstatements="42" conditionals="26" coveredconditionals="26" methods="8" coveredmethods="8" elements="76" coveredelements="76" complexity="0" loc="42" ncloc="42" packages="2" files="2" classes="2"/>
    <package name="exercise1">
      <metrics statements="17" coveredstatements="17" conditionals="14" coveredconditionals="14" methods="2" coveredmethods="2"/>
      <file name="generateList.js" path="C:\Users\ferna\Documents\repo\visualnuts-test\src\exercise1\generateList.js">
        <metrics statements="17" coveredstatements="17" conditionals="14" coveredconditionals="14" methods="2" coveredmethods="2"/>
        <line num="1" count="3" type="cond" truecount="2" falsecount="0"/>
        <line num="5" count="3" type="cond" truecount="2" falsecount="0"/>
        <line num="6" count="2" type="stmt"/>
        <line num="7" count="2" type="stmt"/>
        <line num="10" count="1" type="stmt"/>
        <line num="12" count="1" type="stmt"/>
        <line num="13" count="100" type="stmt"/>
        <line num="15" count="100" type="cond" truecount="4" falsecount="0"/>
        <line num="16" count="53" type="stmt"/>
        <line num="19" count="47" type="cond" truecount="2" falsecount="0"/>
        <line num="20" count="33" type="cond" truecount="2" falsecount="0"/>
        <line num="23" count="47" type="cond" truecount="2" falsecount="0"/>
        <line num="24" count="20" type="stmt"/>
        <line num="29" count="100" type="stmt"/>
        <line num="30" count="100" type="stmt"/>
        <line num="33" count="1" type="stmt"/>
        <line num="36" count="1" type="stmt"/>
      </file>
    </package>
    <package name="exercise2">
      <metrics statements="25" coveredstatements="25" conditionals="12" coveredconditionals="12" methods="6" coveredmethods="6"/>
      <file name="reportCountries.js" path="C:\Users\ferna\Documents\repo\visualnuts-test\src\exercise2\reportCountries.js">
        <metrics statements="25" coveredstatements="25" conditionals="12" coveredconditionals="12" methods="6" coveredmethods="6"/>
        <line num="1" count="1" type="stmt"/>
        <line num="3" count="2" type="stmt"/>
        <line num="4" count="17" type="stmt"/>
        <line num="7" count="2" type="stmt"/>
        <line num="9" count="2" type="stmt"/>
        <line num="11" count="2" type="stmt"/>
        <line num="13" count="14" type="stmt"/>
        <line num="15" count="11" type="stmt"/>
        <line num="16" count="16" type="cond" truecount="2" falsecount="0"/>
        <line num="17" count="6" type="stmt"/>
        <line num="19" count="10" type="stmt"/>
        <line num="23" count="11" type="cond" truecount="4" falsecount="0"/>
        <line num="24" count="2" type="stmt"/>
        <line num="29" count="2" type="stmt"/>
        <line num="36" count="1" type="stmt"/>
        <line num="38" count="2" type="stmt"/>
        <line num="40" count="2" type="stmt"/>
        <line num="42" count="2" type="stmt"/>
        <line num="44" count="10" type="cond" truecount="2" falsecount="0"/>
        <line num="45" count="3" type="stmt"/>
        <line num="49" count="10" type="stmt"/>
        <line num="54" count="3" type="cond" truecount="4" falsecount="0"/>
        <line num="56" count="2" type="stmt"/>
        <line num="58" count="2" type="stmt"/>
        <line num="66" count="1" type="stmt"/>
      </file>
    </package>
  </project>
</coverage>
