{"C:\\Users\\ferna\\Documents\\repo\\visualnuts-test\\src\\exercise1\\generateList.js": {"path":"C:\\Users\\ferna\\Documents\\repo\\visualnuts-test\\src\\exercise1\\generateList.js","statementMap":{"0":{"start":{"line":1,"column":22},"end":{"line":1,"column":102}},"1":{"start":{"line":1,"column":44},"end":{"line":1,"column":102}},"2":{"start":{"line":5,"column":4},"end":{"line":8,"column":5}},"3":{"start":{"line":6,"column":8},"end":{"line":6,"column":71}},"4":{"start":{"line":7,"column":8},"end":{"line":7,"column":18}},"5":{"start":{"line":10,"column":30},"end":{"line":10,"column":32}},"6":{"start":{"line":12,"column":4},"end":{"line":31,"column":5}},"7":{"start":{"line":13,"column":31},"end":{"line":13,"column":33}},"8":{"start":{"line":15,"column":8},"end":{"line":27,"column":9}},"9":{"start":{"line":16,"column":12},"end":{"line":16,"column":33}},"10":{"start":{"line":19,"column":12},"end":{"line":21,"column":13}},"11":{"start":{"line":20,"column":16},"end":{"line":20,"column":71}},"12":{"start":{"line":23,"column":12},"end":{"line":25,"column":13}},"13":{"start":{"line":24,"column":16},"end":{"line":24,"column":43}},"14":{"start":{"line":29,"column":8},"end":{"line":29,"column":37}},"15":{"start":{"line":30,"column":8},"end":{"line":30,"column":49}},"16":{"start":{"line":33,"column":4},"end":{"line":33,"column":29}},"17":{"start":{"line":36,"column":0},"end":{"line":36,"column":41}}},"fnMap":{"0":{"name":"(anonymous_0)","decl":{"start":{"line":1,"column":22},"end":{"line":1,"column":23}},"loc":{"start":{"line":1,"column":44},"end":{"line":1,"column":102}},"line":1},"1":{"name":"generateListToBePrinted","decl":{"start":{"line":3,"column":9},"end":{"line":3,"column":32}},"loc":{"start":{"line":3,"column":51},"end":{"line":34,"column":1}},"line":3}},"branchMap":{"0":{"loc":{"start":{"line":1,"column":44},"end":{"line":1,"column":102}},"type":"binary-expr","locations":[{"start":{"line":1,"column":44},"end":{"line":1,"column":78}},{"start":{"line":1,"column":82},"end":{"line":1,"column":102}}],"line":1},"1":{"loc":{"start":{"line":5,"column":4},"end":{"line":8,"column":5}},"type":"if","locations":[{"start":{"line":5,"column":4},"end":{"line":8,"column":5}},{"start":{},"end":{}}],"line":5},"2":{"loc":{"start":{"line":15,"column":8},"end":{"line":27,"column":9}},"type":"if","locations":[{"start":{"line":15,"column":8},"end":{"line":27,"column":9}},{"start":{"line":17,"column":15},"end":{"line":27,"column":9}}],"line":15},"3":{"loc":{"start":{"line":15,"column":12},"end":{"line":15,"column":38}},"type":"binary-expr","locations":[{"start":{"line":15,"column":12},"end":{"line":15,"column":23}},{"start":{"line":15,"column":27},"end":{"line":15,"column":38}}],"line":15},"4":{"loc":{"start":{"line":19,"column":12},"end":{"line":21,"column":13}},"type":"if","locations":[{"start":{"line":19,"column":12},"end":{"line":21,"column":13}},{"start":{},"end":{}}],"line":19},"5":{"loc":{"start":{"line":20,"column":47},"end":{"line":20,"column":69}},"type":"cond-expr","locations":[{"start":{"line":20,"column":61},"end":{"line":20,"column":64}},{"start":{"line":20,"column":67},"end":{"line":20,"column":69}}],"line":20},"6":{"loc":{"start":{"line":23,"column":12},"end":{"line":25,"column":13}},"type":"if","locations":[{"start":{"line":23,"column":12},"end":{"line":25,"column":13}},{"start":{},"end":{}}],"line":23}},"s":{"0":1,"1":3,"2":3,"3":2,"4":2,"5":1,"6":1,"7":100,"8":100,"9":53,"10":47,"11":33,"12":47,"13":20,"14":100,"15":100,"16":1,"17":1},"f":{"0":3,"1":3},"b":{"0":[3,2],"1":[2,1],"2":[53,47],"3":[100,67],"4":[33,14],"5":[6,27],"6":[20,27]},"_coverageSchema":"1a1c01bbd47fc00a2c39e90264f33305004495a9","hash":"e950276759ed18687ce5afcb2556a36de56f5027"}
,"C:\\Users\\ferna\\Documents\\repo\\visualnuts-test\\src\\exercise2\\reportCountries.js": {"path":"C:\\Users\\ferna\\Documents\\repo\\visualnuts-test\\src\\exercise2\\reportCountries.js","statementMap":{"0":{"start":{"line":1,"column":23},"end":{"line":34,"column":1}},"1":{"start":{"line":3,"column":29},"end":{"line":5,"column":6}},"2":{"start":{"line":4,"column":8},"end":{"line":4,"column":55}},"3":{"start":{"line":7,"column":55},"end":{"line":7,"column":59}},"4":{"start":{"line":9,"column":31},"end":{"line":9,"column":33}},"5":{"start":{"line":11,"column":4},"end":{"line":27,"column":5}},"6":{"start":{"line":13,"column":28},"end":{"line":13,"column":93}},"7":{"start":{"line":13,"column":75},"end":{"line":13,"column":92}},"8":{"start":{"line":15,"column":8},"end":{"line":21,"column":9}},"9":{"start":{"line":16,"column":12},"end":{"line":20,"column":13}},"10":{"start":{"line":17,"column":16},"end":{"line":17,"column":76}},"11":{"start":{"line":19,"column":16},"end":{"line":19,"column":75}},"12":{"start":{"line":23,"column":8},"end":{"line":25,"column":9}},"13":{"start":{"line":24,"column":12},"end":{"line":24,"column":61}},"14":{"start":{"line":29,"column":4},"end":{"line":33,"column":6}},"15":{"start":{"line":36,"column":34},"end":{"line":50,"column":1}},"16":{"start":{"line":38,"column":22},"end":{"line":38,"column":70}},"17":{"start":{"line":40,"column":24},"end":{"line":40,"column":25}},"18":{"start":{"line":42,"column":4},"end":{"line":47,"column":5}},"19":{"start":{"line":44,"column":8},"end":{"line":46,"column":9}},"20":{"start":{"line":45,"column":12},"end":{"line":45,"column":59}},"21":{"start":{"line":49,"column":4},"end":{"line":49,"column":90}},"22":{"start":{"line":49,"column":40},"end":{"line":49,"column":88}},"23":{"start":{"line":54,"column":4},"end":{"line":54,"column":95}},"24":{"start":{"line":54,"column":41},"end":{"line":54,"column":95}},"25":{"start":{"line":56,"column":26},"end":{"line":56,"column":51}},"26":{"start":{"line":58,"column":4},"end":{"line":63,"column":6}},"27":{"start":{"line":66,"column":0},"end":{"line":66,"column":33}}},"fnMap":{"0":{"name":"(anonymous_0)","decl":{"start":{"line":1,"column":23},"end":{"line":1,"column":24}},"loc":{"start":{"line":1,"column":38},"end":{"line":34,"column":1}},"line":1},"1":{"name":"(anonymous_1)","decl":{"start":{"line":3,"column":44},"end":{"line":3,"column":45}},"loc":{"start":{"line":3,"column":54},"end":{"line":5,"column":5}},"line":3},"2":{"name":"(anonymous_2)","decl":{"start":{"line":13,"column":63},"end":{"line":13,"column":64}},"loc":{"start":{"line":13,"column":75},"end":{"line":13,"column":92}},"line":13},"3":{"name":"(anonymous_3)","decl":{"start":{"line":36,"column":34},"end":{"line":36,"column":35}},"loc":{"start":{"line":36,"column":60},"end":{"line":50,"column":1}},"line":36},"4":{"name":"(anonymous_4)","decl":{"start":{"line":49,"column":28},"end":{"line":49,"column":29}},"loc":{"start":{"line":49,"column":40},"end":{"line":49,"column":88}},"line":49},"5":{"name":"reportCountries","decl":{"start":{"line":52,"column":9},"end":{"line":52,"column":24}},"loc":{"start":{"line":52,"column":36},"end":{"line":64,"column":1}},"line":52}},"branchMap":{"0":{"loc":{"start":{"line":16,"column":12},"end":{"line":20,"column":13}},"type":"if","locations":[{"start":{"line":16,"column":12},"end":{"line":20,"column":13}},{"start":{"line":18,"column":19},"end":{"line":20,"column":13}}],"line":16},"1":{"loc":{"start":{"line":23,"column":8},"end":{"line":25,"column":9}},"type":"if","locations":[{"start":{"line":23,"column":8},"end":{"line":25,"column":9}},{"start":{},"end":{}}],"line":23},"2":{"loc":{"start":{"line":23,"column":12},"end":{"line":23,"column":80}},"type":"binary-expr","locations":[{"start":{"line":23,"column":12},"end":{"line":23,"column":23}},{"start":{"line":23,"column":27},"end":{"line":23,"column":80}}],"line":23},"3":{"loc":{"start":{"line":44,"column":8},"end":{"line":46,"column":9}},"type":"if","locations":[{"start":{"line":44,"column":8},"end":{"line":46,"column":9}},{"start":{},"end":{}}],"line":44},"4":{"loc":{"start":{"line":54,"column":4},"end":{"line":54,"column":95}},"type":"if","locations":[{"start":{"line":54,"column":4},"end":{"line":54,"column":95}},{"start":{},"end":{}}],"line":54},"5":{"loc":{"start":{"line":54,"column":8},"end":{"line":54,"column":39}},"type":"binary-expr","locations":[{"start":{"line":54,"column":8},"end":{"line":54,"column":18}},{"start":{"line":54,"column":22},"end":{"line":54,"column":39}}],"line":54}},"s":{"0":1,"1":2,"2":17,"3":2,"4":2,"5":2,"6":11,"7":14,"8":11,"9":16,"10":6,"11":10,"12":11,"13":2,"14":2,"15":1,"16":2,"17":2,"18":2,"19":10,"20":3,"21":2,"22":10,"23":3,"24":1,"25":2,"26":2,"27":1},"f":{"0":2,"1":17,"2":14,"3":2,"4":10,"5":3},"b":{"0":[6,10],"1":[2,9],"2":[11,3],"3":[3,7],"4":[1,2],"5":[3,3]},"_coverageSchema":"1a1c01bbd47fc00a2c39e90264f33305004495a9","hash":"e13951b5e1096ffb35dcb4147079934b09818e5d"}
}
