{"C:\\Users\\ferna\\Documents\\repo\\visualnuts-test\\src\\exercise1\\generateList.js": {"path":"C:\\Users\\ferna\\Documents\\repo\\visualnuts-test\\src\\exercise1\\generateList.js","statementMap":{"0":{"start":{"line":1,"column":22},"end":{"line":1,"column":102}},"1":{"start":{"line":1,"column":44},"end":{"line":1,"column":102}},"2":{"start":{"line":5,"column":4},"end":{"line":8,"column":5}},"3":{"start":{"line":6,"column":8},"end":{"line":6,"column":71}},"4":{"start":{"line":7,"column":8},"end":{"line":7,"column":18}},"5":{"start":{"line":10,"column":30},"end":{"line":10,"column":32}},"6":{"start":{"line":12,"column":4},"end":{"line":31,"column":5}},"7":{"start":{"line":13,"column":31},"end":{"line":13,"column":33}},"8":{"start":{"line":15,"column":8},"end":{"line":27,"column":9}},"9":{"start":{"line":16,"column":12},"end":{"line":16,"column":33}},"10":{"start":{"line":19,"column":12},"end":{"line":21,"column":13}},"11":{"start":{"line":20,"column":16},"end":{"line":20,"column":71}},"12":{"start":{"line":23,"column":12},"end":{"line":25,"column":13}},"13":{"start":{"line":24,"column":16},"end":{"line":24,"column":43}},"14":{"start":{"line":29,"column":8},"end":{"line":29,"column":37}},"15":{"start":{"line":30,"column":8},"end":{"line":30,"column":49}},"16":{"start":{"line":33,"column":4},"end":{"line":33,"column":29}},"17":{"start":{"line":36,"column":0},"end":{"line":36,"column":41}}},"fnMap":{"0":{"name":"(anonymous_0)","decl":{"start":{"line":1,"column":22},"end":{"line":1,"column":23}},"loc":{"start":{"line":1,"column":44},"end":{"line":1,"column":102}},"line":1},"1":{"name":"generateListToBePrinted","decl":{"start":{"line":3,"column":9},"end":{"line":3,"column":32}},"loc":{"start":{"line":3,"column":51},"end":{"line":34,"column":1}},"line":3}},"branchMap":{"0":{"loc":{"start":{"line":1,"column":44},"end":{"line":1,"column":102}},"type":"binary-expr","locations":[{"start":{"line":1,"column":44},"end":{"line":1,"column":78}},{"start":{"line":1,"column":82},"end":{"line":1,"column":102}}],"line":1},"1":{"loc":{"start":{"line":5,"column":4},"end":{"line":8,"column":5}},"type":"if","locations":[{"start":{"line":5,"column":4},"end":{"line":8,"column":5}},{"start":{},"end":{}}],"line":5},"2":{"loc":{"start":{"line":15,"column":8},"end":{"line":27,"column":9}},"type":"if","locations":[{"start":{"line":15,"column":8},"end":{"line":27,"column":9}},{"start":{"line":17,"column":15},"end":{"line":27,"column":9}}],"line":15},"3":{"loc":{"start":{"line":15,"column":12},"end":{"line":15,"column":38}},"type":"binary-expr","locations":[{"start":{"line":15,"column":12},"end":{"line":15,"column":23}},{"start":{"line":15,"column":27},"end":{"line":15,"column":38}}],"line":15},"4":{"loc":{"start":{"line":19,"column":12},"end":{"line":21,"column":13}},"type":"if","locations":[{"start":{"line":19,"column":12},"end":{"line":21,"column":13}},{"start":{},"end":{}}],"line":19},"5":{"loc":{"start":{"line":20,"column":47},"end":{"line":20,"column":69}},"type":"cond-expr","locations":[{"start":{"line":20,"column":61},"end":{"line":20,"column":64}},{"start":{"line":20,"column":67},"end":{"line":20,"column":69}}],"line":20},"6":{"loc":{"start":{"line":23,"column":12},"end":{"line":25,"column":13}},"type":"if","locations":[{"start":{"line":23,"column":12},"end":{"line":25,"column":13}},{"start":{},"end":{}}],"line":23}},"s":{"0":1,"1":2,"2":2,"3":1,"4":1,"5":1,"6":1,"7":100,"8":100,"9":53,"10":47,"11":33,"12":47,"13":20,"14":100,"15":100,"16":1,"17":1},"f":{"0":2,"1":2},"b":{"0":[2,1],"1":[1,1],"2":[53,47],"3":[100,67],"4":[33,14],"5":[6,27],"6":[20,27]},"_coverageSchema":"1a1c01bbd47fc00a2c39e90264f33305004495a9","hash":"e950276759ed18687ce5afcb2556a36de56f5027"}
}
