TN:
SF:src\exercise1\generateList.js
FN:1,(anonymous_0)
FN:3,generateListToBePrinted
FNF:2
FNH:2
FNDA:3,(anonymous_0)
FNDA:3,generateListToBePrinted
DA:1,3
DA:5,3
DA:6,2
DA:7,2
DA:10,1
DA:12,1
DA:13,100
DA:15,100
DA:16,53
DA:19,47
DA:20,33
DA:23,47
DA:24,20
DA:29,100
DA:30,100
DA:33,1
DA:36,1
LF:17
LH:17
BRDA:1,0,0,3
BRDA:1,0,1,2
BRDA:5,1,0,2
BRDA:5,1,1,1
BRDA:15,2,0,53
BRDA:15,2,1,47
BRDA:15,3,0,100
BRDA:15,3,1,67
BRDA:19,4,0,33
BRDA:19,4,1,14
BRDA:20,5,0,6
BRDA:20,5,1,27
BRDA:23,6,0,20
BRDA:23,6,1,27
BRF:14
BRH:14
end_of_record
TN:
SF:src\exercise2\reportCountries.js
FN:1,(anonymous_0)
FN:3,(anonymous_1)
FN:13,(anonymous_2)
FN:36,(anonymous_3)
FN:49,(anonymous_4)
FN:52,reportCountries
FNF:6
FNH:6
FNDA:2,(anonymous_0)
FNDA:17,(anonymous_1)
FNDA:14,(anonymous_2)
FNDA:2,(anonymous_3)
FNDA:10,(anonymous_4)
FNDA:3,reportCountries
DA:1,1
DA:3,2
DA:4,17
DA:7,2
DA:9,2
DA:11,2
DA:13,14
DA:15,11
DA:16,16
DA:17,6
DA:19,10
DA:23,11
DA:24,2
DA:29,2
DA:36,1
DA:38,2
DA:40,2
DA:42,2
DA:44,10
DA:45,3
DA:49,10
DA:54,3
DA:56,2
DA:58,2
DA:66,1
LF:25
LH:25
BRDA:16,0,0,6
BRDA:16,0,1,10
BRDA:23,1,0,2
BRDA:23,1,1,9
BRDA:23,2,0,11
BRDA:23,2,1,3
BRDA:44,3,0,3
BRDA:44,3,1,7
BRDA:54,4,0,1
BRDA:54,4,1,2
BRDA:54,5,0,3
BRDA:54,5,1,3
BRF:12
BRH:12
end_of_record
