TN:
SF:src\exercise1\generateList.js
FN:1,(anonymous_0)
FN:3,generateListToBePrinted
FNF:2
FNH:2
FNDA:2,(anonymous_0)
FNDA:2,generateListToBePrinted
DA:1,2
DA:5,2
DA:6,1
DA:7,1
DA:10,1
DA:12,1
DA:13,100
DA:15,100
DA:16,53
DA:19,47
DA:20,33
DA:23,47
DA:24,20
DA:29,100
DA:30,100
DA:33,1
DA:36,1
LF:17
LH:17
BRDA:1,0,0,2
BRDA:1,0,1,1
BRDA:5,1,0,1
BRDA:5,1,1,1
BRDA:15,2,0,53
BRDA:15,2,1,47
BRDA:15,3,0,100
BRDA:15,3,1,67
BRDA:19,4,0,33
BRDA:19,4,1,14
BRDA:20,5,0,6
BRDA:20,5,1,27
BRDA:23,6,0,20
BRDA:23,6,1,27
BRF:14
BRH:14
end_of_record
